<html>
<head>
<title>TestNG:  Test-FirefoxTest</title>
<link href="../testng.css" rel="stylesheet" type="text/css" />
<link href="../my-testng.css" rel="stylesheet" type="text/css" />

<style type="text/css">
.log { display: none;} 
.stack-trace { display: none;} 
</style>
<script type="text/javascript">
<!--
function flip(e) {
  current = e.style.display;
  if (current == 'block') {
    e.style.display = 'none';
    return 0;
  }
  else {
    e.style.display = 'block';
    return 1;
  }
}

function toggleBox(szDivId, elem, msg1, msg2)
{
  var res = -1;  if (document.getElementById) {
    res = flip(document.getElementById(szDivId));
  }
  else if (document.all) {
    // this is the way old msie versions work
    res = flip(document.all[szDivId]);
  }
  if(elem) {
    if(res == 0) elem.innerHTML = msg1; else elem.innerHTML = msg2;
  }

}

function toggleAllBoxes() {
  if (document.getElementsByTagName) {
    d = document.getElementsByTagName('div');
    for (i = 0; i < d.length; i++) {
      if (d[i].className == 'log') {
        flip(d[i]);
      }
    }
  }
}

// -->
</script>

</head>
<body>
<h2 align='center'>Test-FirefoxTest</h2><table border='1' align="center">
<tr>
<td>Tests passed/Failed/Skipped:</td><td>0/0/6</td>
</tr><tr>
<td>Started on:</td><td>Wed Oct 16 14:54:41 IST 2024</td>
</tr>
<tr><td>Total time:</td><td>0 seconds (140 ms)</td>
</tr><tr>
<td>Included groups:</td><td></td>
</tr><tr>
<td>Excluded groups:</td><td></td>
</tr>
</table><p/>
<small><i>(Hover the method name to see the test class name)</i></small><p/>
<table width='100%' border='1' class='invocation-failed'>
<tr><td colspan='4' align='center'><b>FAILED CONFIGURATIONS</b></td></tr>
<tr><td><b>Test method</b></td>
<td width="30%"><b>Exception</b></td>
<td width="10%"><b>Time (seconds)</b></td>
<td><b>Instance</b></td>
</tr>
<tr>
<td title='Amazon.AmazonTestNGClass.LaunchBrowser()'><b>LaunchBrowser</b><br>Test class: Amazon.AmazonTestNGClass<br>Parameters: firefox</td>
<td><div><pre>java.lang.NullPointerException: Cannot invoke &quot;org.openqa.selenium.WebDriver.manage()&quot; because &quot;this.driver&quot; is null
	at Amazon.AmazonTestNGClass.LaunchBrowser(AmazonTestNGClass.java:53)
... Removed 22 stack frames</pre></div><a href='#' onClick='toggleBox("stack-trace908722588", this, "Click to show all stack frames", "Click to hide stack frames")'>Click to show all stack frames</a>
<div class='stack-trace' id='stack-trace908722588'><pre>java.lang.NullPointerException: Cannot invoke &quot;org.openqa.selenium.WebDriver.manage()&quot; because &quot;this.driver&quot; is null
	at Amazon.AmazonTestNGClass.LaunchBrowser(AmazonTestNGClass.java:53)
	at java.base/jdk.internal.reflect.DirectMethodHandleAccessor.invoke(DirectMethodHandleAccessor.java:103)
	at java.base/java.lang.reflect.Method.invoke(Method.java:580)
	at org.testng.internal.MethodInvocationHelper.invokeMethod(MethodInvocationHelper.java:133)
	at org.testng.internal.MethodInvocationHelper.invokeMethodConsideringTimeout(MethodInvocationHelper.java:62)
	at org.testng.internal.ConfigInvoker.invokeConfigurationMethod(ConfigInvoker.java:385)
	at org.testng.internal.ConfigInvoker.invokeConfigurations(ConfigInvoker.java:321)
	at org.testng.TestRunner.invokeTestConfigurations(TestRunner.java:637)
	at org.testng.TestRunner.beforeRun(TestRunner.java:627)
	at org.testng.TestRunner.run(TestRunner.java:589)
	at org.testng.SuiteRunner.runTest(SuiteRunner.java:377)
	at org.testng.SuiteRunner.runSequentially(SuiteRunner.java:371)
	at org.testng.SuiteRunner.privateRun(SuiteRunner.java:332)
	at org.testng.SuiteRunner.run(SuiteRunner.java:276)
	at org.testng.SuiteRunnerWorker.runSuite(SuiteRunnerWorker.java:53)
	at org.testng.SuiteRunnerWorker.run(SuiteRunnerWorker.java:96)
	at org.testng.TestNG.runSuitesSequentially(TestNG.java:1212)
	at org.testng.TestNG.runSuitesLocally(TestNG.java:1134)
	at org.testng.TestNG.runSuites(TestNG.java:1063)
	at org.testng.TestNG.run(TestNG.java:1031)
	at org.testng.remote.AbstractRemoteTestNG.run(AbstractRemoteTestNG.java:115)
	at org.testng.remote.RemoteTestNG.initAndRun(RemoteTestNG.java:293)
	at org.testng.remote.RemoteTestNG.main(RemoteTestNG.java:91)
</pre></div></td>
<td>0</td>
<td>Amazon.AmazonTestNGClass@3eb25e1a</td></tr>
</table><p>
<table width='100%' border='1' class='invocation-skipped'>
<tr><td colspan='4' align='center'><b>SKIPPED CONFIGURATIONS</b></td></tr>
<tr><td><b>Test method</b></td>
<td width="30%"><b>Exception</b></td>
<td width="10%"><b>Time (seconds)</b></td>
<td><b>Instance</b></td>
</tr>
<tr>
<td title='Amazon.VerifyOrderPage.LaunchBrowser()'><b>LaunchBrowser</b><br>Test class: Amazon.VerifyOrderPage</td>
<td></td>
<td>-1729070681</td>
<td>Amazon.VerifyOrderPage@6743e411</td></tr>
<tr>
<td title='Amazon.VerifyOrderPage.Closed()'><b>Closed</b><br>Test class: Amazon.VerifyOrderPage</td>
<td></td>
<td>-1729070681</td>
<td>Amazon.VerifyOrderPage@6743e411</td></tr>
<tr>
<td title='Amazon.verifyLoginPage.LoginIntoApplication()'><b>LoginIntoApplication</b><br>Test class: Amazon.verifyLoginPage</td>
<td></td>
<td>-1729070681</td>
<td>Amazon.verifyLoginPage@662ac478</td></tr>
<tr>
<td title='Amazon.AmazonTestNGClass.logOutFromApplication()'><b>logOutFromApplication</b><br>Test class: Amazon.AmazonTestNGClass</td>
<td></td>
<td>-1729070681</td>
<td>Amazon.AmazonTestNGClass@3eb25e1a</td></tr>
<tr>
<td title='Amazon.verifyLoginPage.InitializePOM()'><b>InitializePOM</b><br>Test class: Amazon.verifyLoginPage</td>
<td></td>
<td>-1729070681</td>
<td>Amazon.verifyLoginPage@662ac478</td></tr>
<tr>
<td title='Amazon.VerifyOrderPage.removePOM()'><b>removePOM</b><br>Test class: Amazon.VerifyOrderPage</td>
<td></td>
<td>-1729070681</td>
<td>Amazon.VerifyOrderPage@6743e411</td></tr>
<tr>
<td title='Amazon.AmazonTestNGClass.LoginToAppplication()'><b>LoginToAppplication</b><br>Test class: Amazon.AmazonTestNGClass</td>
<td></td>
<td>-1729070681</td>
<td>Amazon.AmazonTestNGClass@3eb25e1a</td></tr>
<tr>
<td title='Amazon.VerifyOrderPage.LaunchBrowser()'><b>LaunchBrowser</b><br>Test class: Amazon.VerifyOrderPage</td>
<td></td>
<td>-1729070681</td>
<td>Amazon.VerifyOrderPage@6743e411</td></tr>
<tr>
<td title='Amazon.AmazonTestNGClass.closed()'><b>closed</b><br>Test class: Amazon.AmazonTestNGClass</td>
<td></td>
<td>-1729070681</td>
<td>Amazon.AmazonTestNGClass@3eb25e1a</td></tr>
<tr>
<td title='Amazon.verifyLoginPage.LogoutFromApllication()'><b>LogoutFromApllication</b><br>Test class: Amazon.verifyLoginPage</td>
<td></td>
<td>-1729070681</td>
<td>Amazon.verifyLoginPage@662ac478</td></tr>
<tr>
<td title='Amazon.VerifyOrderPage.LogoutFromApplication()'><b>LogoutFromApplication</b><br>Test class: Amazon.VerifyOrderPage</td>
<td></td>
<td>-1729070681</td>
<td>Amazon.VerifyOrderPage@6743e411</td></tr>
<tr>
<td title='Amazon.verifyLoginPage.RemovePOM()'><b>RemovePOM</b><br>Test class: Amazon.verifyLoginPage</td>
<td></td>
<td>-1729070681</td>
<td>Amazon.verifyLoginPage@662ac478</td></tr>
<tr>
<td title='Amazon.VerifyOrderPage.LogoutFromApplication()'><b>LogoutFromApplication</b><br>Test class: Amazon.VerifyOrderPage</td>
<td></td>
<td>-1729070681</td>
<td>Amazon.VerifyOrderPage@6743e411</td></tr>
<tr>
<td title='Amazon.verifyLoginPage.LaunchBrowser()'><b>LaunchBrowser</b><br>Test class: Amazon.verifyLoginPage</td>
<td></td>
<td>-1729070681</td>
<td>Amazon.verifyLoginPage@662ac478</td></tr>
<tr>
<td title='Amazon.verifyLoginPage.LoginIntoApplication()'><b>LoginIntoApplication</b><br>Test class: Amazon.verifyLoginPage</td>
<td></td>
<td>-1729070681</td>
<td>Amazon.verifyLoginPage@662ac478</td></tr>
<tr>
<td title='Amazon.AmazonTestNGClass.LoginToAppplication()'><b>LoginToAppplication</b><br>Test class: Amazon.AmazonTestNGClass</td>
<td></td>
<td>-1729070681</td>
<td>Amazon.AmazonTestNGClass@3eb25e1a</td></tr>
<tr>
<td title='Amazon.AmazonTestNGClass.initializePOM()'><b>initializePOM</b><br>Test class: Amazon.AmazonTestNGClass</td>
<td></td>
<td>-1729070681</td>
<td>Amazon.AmazonTestNGClass@3eb25e1a</td></tr>
<tr>
<td title='Amazon.verifyLoginPage.Closed()'><b>Closed</b><br>Test class: Amazon.verifyLoginPage</td>
<td></td>
<td>-1729070681</td>
<td>Amazon.verifyLoginPage@662ac478</td></tr>
<tr>
<td title='Amazon.AmazonTestNGClass.logOutFromApplication()'><b>logOutFromApplication</b><br>Test class: Amazon.AmazonTestNGClass</td>
<td></td>
<td>-1729070681</td>
<td>Amazon.AmazonTestNGClass@3eb25e1a</td></tr>
<tr>
<td title='Amazon.AmazonTestNGClass.RemovePOM()'><b>RemovePOM</b><br>Test class: Amazon.AmazonTestNGClass</td>
<td></td>
<td>-1729070681</td>
<td>Amazon.AmazonTestNGClass@3eb25e1a</td></tr>
<tr>
<td title='Amazon.VerifyOrderPage.LoginToApplication()'><b>LoginToApplication</b><br>Test class: Amazon.VerifyOrderPage</td>
<td></td>
<td>-1729070681</td>
<td>Amazon.VerifyOrderPage@6743e411</td></tr>
<tr>
<td title='Amazon.verifyLoginPage.LogoutFromApllication()'><b>LogoutFromApllication</b><br>Test class: Amazon.verifyLoginPage</td>
<td></td>
<td>-1729070681</td>
<td>Amazon.verifyLoginPage@662ac478</td></tr>
<tr>
<td title='Amazon.VerifyOrderPage.LoginToApplication()'><b>LoginToApplication</b><br>Test class: Amazon.VerifyOrderPage</td>
<td></td>
<td>-1729070681</td>
<td>Amazon.VerifyOrderPage@6743e411</td></tr>
</table><p>
<table width='100%' border='1' class='invocation-skipped'>
<tr><td colspan='4' align='center'><b>SKIPPED TESTS</b></td></tr>
<tr><td><b>Test method</b></td>
<td width="30%"><b>Exception</b></td>
<td width="10%"><b>Time (seconds)</b></td>
<td><b>Instance</b></td>
</tr>
<tr>
<td title='Amazon.VerifyOrderPage.VerifyLogin1()'><b>VerifyLogin1</b><br>Test class: Amazon.VerifyOrderPage</td>
<td><div><pre>java.lang.NullPointerException: Cannot invoke &quot;org.openqa.selenium.WebDriver.manage()&quot; because &quot;this.driver&quot; is null
	at Amazon.AmazonTestNGClass.LaunchBrowser(AmazonTestNGClass.java:53)
... Removed 22 stack frames</pre></div><a href='#' onClick='toggleBox("stack-trace743386239", this, "Click to show all stack frames", "Click to hide stack frames")'>Click to show all stack frames</a>
<div class='stack-trace' id='stack-trace743386239'><pre>java.lang.NullPointerException: Cannot invoke &quot;org.openqa.selenium.WebDriver.manage()&quot; because &quot;this.driver&quot; is null
	at Amazon.AmazonTestNGClass.LaunchBrowser(AmazonTestNGClass.java:53)
	at java.base/jdk.internal.reflect.DirectMethodHandleAccessor.invoke(DirectMethodHandleAccessor.java:103)
	at java.base/java.lang.reflect.Method.invoke(Method.java:580)
	at org.testng.internal.MethodInvocationHelper.invokeMethod(MethodInvocationHelper.java:133)
	at org.testng.internal.MethodInvocationHelper.invokeMethodConsideringTimeout(MethodInvocationHelper.java:62)
	at org.testng.internal.ConfigInvoker.invokeConfigurationMethod(ConfigInvoker.java:385)
	at org.testng.internal.ConfigInvoker.invokeConfigurations(ConfigInvoker.java:321)
	at org.testng.TestRunner.invokeTestConfigurations(TestRunner.java:637)
	at org.testng.TestRunner.beforeRun(TestRunner.java:627)
	at org.testng.TestRunner.run(TestRunner.java:589)
	at org.testng.SuiteRunner.runTest(SuiteRunner.java:377)
	at org.testng.SuiteRunner.runSequentially(SuiteRunner.java:371)
	at org.testng.SuiteRunner.privateRun(SuiteRunner.java:332)
	at org.testng.SuiteRunner.run(SuiteRunner.java:276)
	at org.testng.SuiteRunnerWorker.runSuite(SuiteRunnerWorker.java:53)
	at org.testng.SuiteRunnerWorker.run(SuiteRunnerWorker.java:96)
	at org.testng.TestNG.runSuitesSequentially(TestNG.java:1212)
	at org.testng.TestNG.runSuitesLocally(TestNG.java:1134)
	at org.testng.TestNG.runSuites(TestNG.java:1063)
	at org.testng.TestNG.run(TestNG.java:1031)
	at org.testng.remote.AbstractRemoteTestNG.run(AbstractRemoteTestNG.java:115)
	at org.testng.remote.RemoteTestNG.initAndRun(RemoteTestNG.java:293)
	at org.testng.remote.RemoteTestNG.main(RemoteTestNG.java:91)
</pre></div></td>
<td>0</td>
<td>Amazon.VerifyOrderPage@6743e411</td></tr>
<tr>
<td title='Amazon.verifyLoginPage.verifysignInWithWrongPass()'><b>verifysignInWithWrongPass</b><br>Test class: Amazon.verifyLoginPage</td>
<td><div><pre>java.lang.NullPointerException: Cannot invoke &quot;org.openqa.selenium.WebDriver.manage()&quot; because &quot;this.driver&quot; is null
	at Amazon.AmazonTestNGClass.LaunchBrowser(AmazonTestNGClass.java:53)
... Removed 22 stack frames</pre></div><a href='#' onClick='toggleBox("stack-trace1587342524", this, "Click to show all stack frames", "Click to hide stack frames")'>Click to show all stack frames</a>
<div class='stack-trace' id='stack-trace1587342524'><pre>java.lang.NullPointerException: Cannot invoke &quot;org.openqa.selenium.WebDriver.manage()&quot; because &quot;this.driver&quot; is null
	at Amazon.AmazonTestNGClass.LaunchBrowser(AmazonTestNGClass.java:53)
	at java.base/jdk.internal.reflect.DirectMethodHandleAccessor.invoke(DirectMethodHandleAccessor.java:103)
	at java.base/java.lang.reflect.Method.invoke(Method.java:580)
	at org.testng.internal.MethodInvocationHelper.invokeMethod(MethodInvocationHelper.java:133)
	at org.testng.internal.MethodInvocationHelper.invokeMethodConsideringTimeout(MethodInvocationHelper.java:62)
	at org.testng.internal.ConfigInvoker.invokeConfigurationMethod(ConfigInvoker.java:385)
	at org.testng.internal.ConfigInvoker.invokeConfigurations(ConfigInvoker.java:321)
	at org.testng.TestRunner.invokeTestConfigurations(TestRunner.java:637)
	at org.testng.TestRunner.beforeRun(TestRunner.java:627)
	at org.testng.TestRunner.run(TestRunner.java:589)
	at org.testng.SuiteRunner.runTest(SuiteRunner.java:377)
	at org.testng.SuiteRunner.runSequentially(SuiteRunner.java:371)
	at org.testng.SuiteRunner.privateRun(SuiteRunner.java:332)
	at org.testng.SuiteRunner.run(SuiteRunner.java:276)
	at org.testng.SuiteRunnerWorker.runSuite(SuiteRunnerWorker.java:53)
	at org.testng.SuiteRunnerWorker.run(SuiteRunnerWorker.java:96)
	at org.testng.TestNG.runSuitesSequentially(TestNG.java:1212)
	at org.testng.TestNG.runSuitesLocally(TestNG.java:1134)
	at org.testng.TestNG.runSuites(TestNG.java:1063)
	at org.testng.TestNG.run(TestNG.java:1031)
	at org.testng.remote.AbstractRemoteTestNG.run(AbstractRemoteTestNG.java:115)
	at org.testng.remote.RemoteTestNG.initAndRun(RemoteTestNG.java:293)
	at org.testng.remote.RemoteTestNG.main(RemoteTestNG.java:91)
</pre></div></td>
<td>0</td>
<td>Amazon.verifyLoginPage@662ac478</td></tr>
<tr>
<td title='Amazon.verifyLoginPage.VerifySuccessfullyLogin()'><b>VerifySuccessfullyLogin</b><br>Test class: Amazon.verifyLoginPage</td>
<td><div><pre>java.lang.NullPointerException: Cannot invoke &quot;org.openqa.selenium.WebDriver.manage()&quot; because &quot;this.driver&quot; is null
	at Amazon.AmazonTestNGClass.LaunchBrowser(AmazonTestNGClass.java:53)
... Removed 22 stack frames</pre></div><a href='#' onClick='toggleBox("stack-trace551240969", this, "Click to show all stack frames", "Click to hide stack frames")'>Click to show all stack frames</a>
<div class='stack-trace' id='stack-trace551240969'><pre>java.lang.NullPointerException: Cannot invoke &quot;org.openqa.selenium.WebDriver.manage()&quot; because &quot;this.driver&quot; is null
	at Amazon.AmazonTestNGClass.LaunchBrowser(AmazonTestNGClass.java:53)
	at java.base/jdk.internal.reflect.DirectMethodHandleAccessor.invoke(DirectMethodHandleAccessor.java:103)
	at java.base/java.lang.reflect.Method.invoke(Method.java:580)
	at org.testng.internal.MethodInvocationHelper.invokeMethod(MethodInvocationHelper.java:133)
	at org.testng.internal.MethodInvocationHelper.invokeMethodConsideringTimeout(MethodInvocationHelper.java:62)
	at org.testng.internal.ConfigInvoker.invokeConfigurationMethod(ConfigInvoker.java:385)
	at org.testng.internal.ConfigInvoker.invokeConfigurations(ConfigInvoker.java:321)
	at org.testng.TestRunner.invokeTestConfigurations(TestRunner.java:637)
	at org.testng.TestRunner.beforeRun(TestRunner.java:627)
	at org.testng.TestRunner.run(TestRunner.java:589)
	at org.testng.SuiteRunner.runTest(SuiteRunner.java:377)
	at org.testng.SuiteRunner.runSequentially(SuiteRunner.java:371)
	at org.testng.SuiteRunner.privateRun(SuiteRunner.java:332)
	at org.testng.SuiteRunner.run(SuiteRunner.java:276)
	at org.testng.SuiteRunnerWorker.runSuite(SuiteRunnerWorker.java:53)
	at org.testng.SuiteRunnerWorker.run(SuiteRunnerWorker.java:96)
	at org.testng.TestNG.runSuitesSequentially(TestNG.java:1212)
	at org.testng.TestNG.runSuitesLocally(TestNG.java:1134)
	at org.testng.TestNG.runSuites(TestNG.java:1063)
	at org.testng.TestNG.run(TestNG.java:1031)
	at org.testng.remote.AbstractRemoteTestNG.run(AbstractRemoteTestNG.java:115)
	at org.testng.remote.RemoteTestNG.initAndRun(RemoteTestNG.java:293)
	at org.testng.remote.RemoteTestNG.main(RemoteTestNG.java:91)
</pre></div></td>
<td>0</td>
<td>Amazon.verifyLoginPage@662ac478</td></tr>
<tr>
<td title='Amazon.AmazonTestNGClass.VerifyTittle()'><b>VerifyTittle</b><br>Test class: Amazon.AmazonTestNGClass</td>
<td><div><pre>java.lang.NullPointerException: Cannot invoke &quot;org.openqa.selenium.WebDriver.manage()&quot; because &quot;this.driver&quot; is null
	at Amazon.AmazonTestNGClass.LaunchBrowser(AmazonTestNGClass.java:53)
... Removed 22 stack frames</pre></div><a href='#' onClick='toggleBox("stack-trace117062208", this, "Click to show all stack frames", "Click to hide stack frames")'>Click to show all stack frames</a>
<div class='stack-trace' id='stack-trace117062208'><pre>java.lang.NullPointerException: Cannot invoke &quot;org.openqa.selenium.WebDriver.manage()&quot; because &quot;this.driver&quot; is null
	at Amazon.AmazonTestNGClass.LaunchBrowser(AmazonTestNGClass.java:53)
	at java.base/jdk.internal.reflect.DirectMethodHandleAccessor.invoke(DirectMethodHandleAccessor.java:103)
	at java.base/java.lang.reflect.Method.invoke(Method.java:580)
	at org.testng.internal.MethodInvocationHelper.invokeMethod(MethodInvocationHelper.java:133)
	at org.testng.internal.MethodInvocationHelper.invokeMethodConsideringTimeout(MethodInvocationHelper.java:62)
	at org.testng.internal.ConfigInvoker.invokeConfigurationMethod(ConfigInvoker.java:385)
	at org.testng.internal.ConfigInvoker.invokeConfigurations(ConfigInvoker.java:321)
	at org.testng.TestRunner.invokeTestConfigurations(TestRunner.java:637)
	at org.testng.TestRunner.beforeRun(TestRunner.java:627)
	at org.testng.TestRunner.run(TestRunner.java:589)
	at org.testng.SuiteRunner.runTest(SuiteRunner.java:377)
	at org.testng.SuiteRunner.runSequentially(SuiteRunner.java:371)
	at org.testng.SuiteRunner.privateRun(SuiteRunner.java:332)
	at org.testng.SuiteRunner.run(SuiteRunner.java:276)
	at org.testng.SuiteRunnerWorker.runSuite(SuiteRunnerWorker.java:53)
	at org.testng.SuiteRunnerWorker.run(SuiteRunnerWorker.java:96)
	at org.testng.TestNG.runSuitesSequentially(TestNG.java:1212)
	at org.testng.TestNG.runSuitesLocally(TestNG.java:1134)
	at org.testng.TestNG.runSuites(TestNG.java:1063)
	at org.testng.TestNG.run(TestNG.java:1031)
	at org.testng.remote.AbstractRemoteTestNG.run(AbstractRemoteTestNG.java:115)
	at org.testng.remote.RemoteTestNG.initAndRun(RemoteTestNG.java:293)
	at org.testng.remote.RemoteTestNG.main(RemoteTestNG.java:91)
</pre></div></td>
<td>0</td>
<td>Amazon.AmazonTestNGClass@3eb25e1a</td></tr>
<tr>
<td title='Amazon.VerifyOrderPage.VerifyRetunAndOrders()'><b>VerifyRetunAndOrders</b><br>Test class: Amazon.VerifyOrderPage</td>
<td><div><pre>java.lang.NullPointerException: Cannot invoke &quot;org.openqa.selenium.WebDriver.manage()&quot; because &quot;this.driver&quot; is null
	at Amazon.AmazonTestNGClass.LaunchBrowser(AmazonTestNGClass.java:53)
... Removed 22 stack frames</pre></div><a href='#' onClick='toggleBox("stack-trace619274711", this, "Click to show all stack frames", "Click to hide stack frames")'>Click to show all stack frames</a>
<div class='stack-trace' id='stack-trace619274711'><pre>java.lang.NullPointerException: Cannot invoke &quot;org.openqa.selenium.WebDriver.manage()&quot; because &quot;this.driver&quot; is null
	at Amazon.AmazonTestNGClass.LaunchBrowser(AmazonTestNGClass.java:53)
	at java.base/jdk.internal.reflect.DirectMethodHandleAccessor.invoke(DirectMethodHandleAccessor.java:103)
	at java.base/java.lang.reflect.Method.invoke(Method.java:580)
	at org.testng.internal.MethodInvocationHelper.invokeMethod(MethodInvocationHelper.java:133)
	at org.testng.internal.MethodInvocationHelper.invokeMethodConsideringTimeout(MethodInvocationHelper.java:62)
	at org.testng.internal.ConfigInvoker.invokeConfigurationMethod(ConfigInvoker.java:385)
	at org.testng.internal.ConfigInvoker.invokeConfigurations(ConfigInvoker.java:321)
	at org.testng.TestRunner.invokeTestConfigurations(TestRunner.java:637)
	at org.testng.TestRunner.beforeRun(TestRunner.java:627)
	at org.testng.TestRunner.run(TestRunner.java:589)
	at org.testng.SuiteRunner.runTest(SuiteRunner.java:377)
	at org.testng.SuiteRunner.runSequentially(SuiteRunner.java:371)
	at org.testng.SuiteRunner.privateRun(SuiteRunner.java:332)
	at org.testng.SuiteRunner.run(SuiteRunner.java:276)
	at org.testng.SuiteRunnerWorker.runSuite(SuiteRunnerWorker.java:53)
	at org.testng.SuiteRunnerWorker.run(SuiteRunnerWorker.java:96)
	at org.testng.TestNG.runSuitesSequentially(TestNG.java:1212)
	at org.testng.TestNG.runSuitesLocally(TestNG.java:1134)
	at org.testng.TestNG.runSuites(TestNG.java:1063)
	at org.testng.TestNG.run(TestNG.java:1031)
	at org.testng.remote.AbstractRemoteTestNG.run(AbstractRemoteTestNG.java:115)
	at org.testng.remote.RemoteTestNG.initAndRun(RemoteTestNG.java:293)
	at org.testng.remote.RemoteTestNG.main(RemoteTestNG.java:91)
</pre></div></td>
<td>0</td>
<td>Amazon.VerifyOrderPage@6743e411</td></tr>
<tr>
<td title='Amazon.AmazonTestNGClass.verifyAddToCart()'><b>verifyAddToCart</b><br>Test class: Amazon.AmazonTestNGClass</td>
<td><div><pre>java.lang.NullPointerException: Cannot invoke &quot;org.openqa.selenium.WebDriver.manage()&quot; because &quot;this.driver&quot; is null
	at Amazon.AmazonTestNGClass.LaunchBrowser(AmazonTestNGClass.java:53)
... Removed 22 stack frames</pre></div><a href='#' onClick='toggleBox("stack-trace12329522", this, "Click to show all stack frames", "Click to hide stack frames")'>Click to show all stack frames</a>
<div class='stack-trace' id='stack-trace12329522'><pre>java.lang.NullPointerException: Cannot invoke &quot;org.openqa.selenium.WebDriver.manage()&quot; because &quot;this.driver&quot; is null
	at Amazon.AmazonTestNGClass.LaunchBrowser(AmazonTestNGClass.java:53)
	at java.base/jdk.internal.reflect.DirectMethodHandleAccessor.invoke(DirectMethodHandleAccessor.java:103)
	at java.base/java.lang.reflect.Method.invoke(Method.java:580)
	at org.testng.internal.MethodInvocationHelper.invokeMethod(MethodInvocationHelper.java:133)
	at org.testng.internal.MethodInvocationHelper.invokeMethodConsideringTimeout(MethodInvocationHelper.java:62)
	at org.testng.internal.ConfigInvoker.invokeConfigurationMethod(ConfigInvoker.java:385)
	at org.testng.internal.ConfigInvoker.invokeConfigurations(ConfigInvoker.java:321)
	at org.testng.TestRunner.invokeTestConfigurations(TestRunner.java:637)
	at org.testng.TestRunner.beforeRun(TestRunner.java:627)
	at org.testng.TestRunner.run(TestRunner.java:589)
	at org.testng.SuiteRunner.runTest(SuiteRunner.java:377)
	at org.testng.SuiteRunner.runSequentially(SuiteRunner.java:371)
	at org.testng.SuiteRunner.privateRun(SuiteRunner.java:332)
	at org.testng.SuiteRunner.run(SuiteRunner.java:276)
	at org.testng.SuiteRunnerWorker.runSuite(SuiteRunnerWorker.java:53)
	at org.testng.SuiteRunnerWorker.run(SuiteRunnerWorker.java:96)
	at org.testng.TestNG.runSuitesSequentially(TestNG.java:1212)
	at org.testng.TestNG.runSuitesLocally(TestNG.java:1134)
	at org.testng.TestNG.runSuites(TestNG.java:1063)
	at org.testng.TestNG.run(TestNG.java:1031)
	at org.testng.remote.AbstractRemoteTestNG.run(AbstractRemoteTestNG.java:115)
	at org.testng.remote.RemoteTestNG.initAndRun(RemoteTestNG.java:293)
	at org.testng.remote.RemoteTestNG.main(RemoteTestNG.java:91)
</pre></div></td>
<td>0</td>
<td>Amazon.AmazonTestNGClass@3eb25e1a</td></tr>
</table><p>
</body>
</html>