<?xml version="1.0" encoding="UTF-8"?>
<!-- Generated by org.testng.reporters.JUnitXMLReporter -->
<testsuite ignored="0" hostname="LAPTOP-LFE03N77" failures="0" tests="2" name="Default test" time="0.072" errors="0" timestamp="2024-10-16T16:14:52 IST">
  <testcase classname="Amazon.AmazonTestNGClass" name="@BeforeTest LaunchBrowser" time="-1.729075492377E9">
    <failure type="org.testng.TestNGException" message="
Parameter &amp;apos;browser&amp;apos; is required by BeforeTest on method LaunchBrowser but has not been marked @Optional or defined
in C:\Users\Abhishek\AppData\Local\Temp\testng-eclipse-2137727148\testng-customsuite.xml">
      <![CDATA[org.testng.TestNGException: 
Parameter 'browser' is required by BeforeTest on method LaunchBrowser but has not been marked @Optional or defined
in C:\Users\Abhishek\AppData\Local\Temp\testng-eclipse-2137727148\testng-customsuite.xml
at org.testng.internal.Parameters.createParams(Parameters.java:270)
at org.testng.internal.Parameters.createParametersForMethod(Parameters.java:358)
at org.testng.internal.Parameters.createParameters(Parameters.java:700)
at org.testng.internal.Parameters.createConfigurationParameters(Parameters.java:168)
at org.testng.internal.ConfigInvoker.invokeConfigurations(ConfigInvoker.java:302)
at org.testng.TestRunner.invokeTestConfigurations(TestRunner.java:637)
at org.testng.TestRunner.beforeRun(TestRunner.java:627)
at org.testng.TestRunner.run(TestRunner.java:589)
at org.testng.SuiteRunner.runTest(SuiteRunner.java:377)
at org.testng.SuiteRunner.runSequentially(SuiteRunner.java:371)
at org.testng.SuiteRunner.privateRun(SuiteRunner.java:332)
at org.testng.SuiteRunner.run(SuiteRunner.java:276)
at org.testng.SuiteRunnerWorker.runSuite(SuiteRunnerWorker.java:53)
at org.testng.SuiteRunnerWorker.run(SuiteRunnerWorker.java:96)
at org.testng.TestNG.runSuitesSequentially(TestNG.java:1212)
at org.testng.TestNG.runSuitesLocally(TestNG.java:1134)
at org.testng.TestNG.runSuites(TestNG.java:1063)
at org.testng.TestNG.run(TestNG.java:1031)
at org.testng.remote.AbstractRemoteTestNG.run(AbstractRemoteTestNG.java:115)
at org.testng.remote.RemoteTestNG.initAndRun(RemoteTestNG.java:293)
at org.testng.remote.RemoteTestNG.main(RemoteTestNG.java:91)
]]>
    </failure>
  </testcase> <!-- @BeforeTest LaunchBrowser -->
  <testcase classname="Amazon.AmazonTestNGClass" name="@BeforeClass initializePOM" time="-1.729075492407E9">
    <skipped/>
  </testcase> <!-- @BeforeClass initializePOM -->
  <testcase classname="Amazon.AmazonTestNGClass" name="@BeforeMethod LoginToAppplication" time="-1.729075492419E9">
    <skipped/>
  </testcase> <!-- @BeforeMethod LoginToAppplication -->
  <testcase classname="Amazon.AmazonTestNGClass" name="@AfterMethod logOutFromApplication" time="-1.729075492428E9">
    <skipped/>
  </testcase> <!-- @AfterMethod logOutFromApplication -->
  <testcase classname="Amazon.AmazonTestNGClass" name="@BeforeMethod LoginToAppplication" time="-1.729075492431E9">
    <skipped/>
  </testcase> <!-- @BeforeMethod LoginToAppplication -->
  <testcase classname="Amazon.AmazonTestNGClass" name="@AfterMethod logOutFromApplication" time="-1.729075492437E9">
    <skipped/>
  </testcase> <!-- @AfterMethod logOutFromApplication -->
  <testcase classname="Amazon.AmazonTestNGClass" name="@AfterClass RemovePOM" time="-1.729075492438E9">
    <skipped/>
  </testcase> <!-- @AfterClass RemovePOM -->
  <testcase classname="Amazon.AmazonTestNGClass" name="@AfterTest closed" time="-1.729075492442E9">
    <skipped/>
  </testcase> <!-- @AfterTest closed -->
  <testcase classname="Amazon.AmazonTestNGClass" name="VerifyTittle" time="0.0">
    <skipped/>
  </testcase> <!-- VerifyTittle -->
  <testcase classname="Amazon.AmazonTestNGClass" name="verifyAddToCart" time="0.0">
    <skipped/>
  </testcase> <!-- verifyAddToCart -->
</testsuite> <!-- Default test -->
